--------------------
./configure
2022. 05. 23. (월) 08:08:54 KST
=== ztest79801.c ===
extern int getchar();
int hello() {return getchar();}
===
-c ztest79801.c
... using cc

Checking for obsessive-compulsive compiler options...
=== ztest79801.c ===
int foo() { return 0; }
===
cc -c -O2 -fomit-frame-pointer -pipe ztest79801.c

Checking for shared library support...
=== ztest79801.c ===
extern int getchar();
int hello() {return getchar();}
===
cc -w -c -O2 -fomit-frame-pointer -pipe ztest79801.c
cc -shared -O2 -fomit-frame-pointer -pipe -o ztest79801.so ztest79801.o
Building shared library libz.so.1.2.12 with cc.

=== ztest79801.c ===
#include <stdio.h>
#include <stdlib.h>
size_t dummy = 0;
===
cc -c -O2 -fomit-frame-pointer -pipe ztest79801.c
Checking for size_t... Yes.

=== ztest79801.c ===
#include <sys/types.h>
off64_t dummy = 0;
===
cc -c -O2 -fomit-frame-pointer -pipe -D_LARGEFILE64_SOURCE=1 ztest79801.c
Checking for off64_t... Yes.
Checking for fseeko... Yes.

=== ztest79801.c ===
#include <string.h>
#include <errno.h>
int main() { return strlen(strerror(errno)); }
===
cc -O2 -fomit-frame-pointer -pipe -D_LARGEFILE64_SOURCE=1 -o ztest79801 ztest79801.c
Checking for strerror... Yes.

=== ztest79801.c ===
#include <unistd.h>
int main() { return 0; }
===
cc -c -O2 -fomit-frame-pointer -pipe -D_LARGEFILE64_SOURCE=1 ztest79801.c
Checking for unistd.h... Yes.

=== ztest79801.c ===
#include <stdarg.h>
int main() { return 0; }
===
cc -c -O2 -fomit-frame-pointer -pipe -D_LARGEFILE64_SOURCE=1 ztest79801.c
Checking for stdarg.h... Yes.

=== ztest79801.c ===
#include <stdio.h>
#include <stdarg.h>
#include "zconf.h"
int main()
{
#ifndef STDC
  choke me
#endif
  return 0;
}
===
cc -c -O2 -fomit-frame-pointer -pipe -D_LARGEFILE64_SOURCE=1 ztest79801.c
Checking whether to use vs[n]printf() or s[n]printf()... using vs[n]printf().

=== ztest79801.c ===
#include <stdio.h>
#include <stdarg.h>
int mytest(const char *fmt, ...)
{
  char buf[20];
  va_list ap;
  va_start(ap, fmt);
  vsnprintf(buf, sizeof(buf), fmt, ap);
  va_end(ap);
  return 0;
}
int main()
{
  return (mytest("Hello%d\n", 1));
}
===
cc -O2 -fomit-frame-pointer -pipe -D_LARGEFILE64_SOURCE=1 -o ztest79801 ztest79801.c
Checking for vsnprintf() in stdio.h... Yes.

=== ztest79801.c ===
#include <stdio.h>
#include <stdarg.h>
int mytest(const char *fmt, ...)
{
  int n;
  char buf[20];
  va_list ap;
  va_start(ap, fmt);
  n = vsnprintf(buf, sizeof(buf), fmt, ap);
  va_end(ap);
  return n;
}
int main()
{
  return (mytest("Hello%d\n", 1));
}
===
cc -c -O2 -fomit-frame-pointer -pipe -D_LARGEFILE64_SOURCE=1 ztest79801.c
Checking for return value of vsnprintf()... Yes.

ALL = static shared all64
AR = ar
ARFLAGS = rc
CC = cc
CFLAGS = -O2 -fomit-frame-pointer -pipe -D_LARGEFILE64_SOURCE=1
CPP = cc -E
EXE =
LDCONFIG = ldconfig
LDFLAGS =
LDSHARED = cc -shared
LDSHAREDLIBC = -lc
OBJC = $(OBJZ) $(OBJG)
PIC_OBJC = $(PIC_OBJZ) $(PIC_OBJG)
RANLIB = ranlib
SFLAGS = -O2 -fomit-frame-pointer -pipe -D_LARGEFILE64_SOURCE=1
SHAREDLIB = libz.so
SHAREDLIBM = libz.so.1
SHAREDLIBV = libz.so.1.2.12
STATICLIB = libz.a
TEST = all teststatic testshared test64
VER = 1.2.12
SRCDIR =
exec_prefix = ${prefix}
includedir = ${prefix}/include
libdir = ${exec_prefix}/lib
mandir = ${prefix}/share/man
prefix = /usr/local
sharedlibdir = ${libdir}
uname = Linux 5.15.0-30-generic
--------------------


